SUCCESS>>Opened log: log_output.log>>pessum_files/logging.cpp/InitializeLogging
INFORMATION>>Sun Jan 22 14:15:35 2017>>TimeStamp
SUCCESS>>Initialized Ncurses>>appareo_files/curse/curse_core.cpp/InitializeNcurses
SUCCESS>>Initialized output>>appareo_files/curse/output.cpp/InitializeOutput
SUCCESS>>Initialized colors>>appareo_files/curse/output.cpp/InitializeColor
SUCCESS>>Creaded window "Sorting Algorithms">>appareo_files/curse/window.cpp/[Sorting Algorithms]CreateWindow
SUCCESS>>Terminated window "Sorting Algorithms">>appareo_files/curse/window.cpp/[Sorting Algorithms]TerminateWindow
SUCCESS>>Creaded window "Paramaters">>appareo_files/curse/window.cpp/[Paramaters]CreateWindow
SUCCESS>>Terminated window "Paramaters">>appareo_files/curse/window.cpp/[Paramaters]TerminateWindow
SUCCESS>>Creaded window "Sorting Algorithms">>appareo_files/curse/window.cpp/[Sorting Algorithms]CreateWindow
SUCCESS>>Terminated window "Sorting Algorithms">>appareo_files/curse/window.cpp/[Sorting Algorithms]TerminateWindow
SUCCESS>>Creaded window "Run Select">>appareo_files/curse/window.cpp/[Run Select]CreateWindow
SUCCESS>>Terminated window "Run Select">>appareo_files/curse/window.cpp/[Run Select]TerminateWindow
SUCCESS>>Creaded window "Genorating Values">>appareo_files/curse/window.cpp/[Genorating Values]CreateWindow
SUCCESS>>Creaded window "Shell Sort">>appareo_files/curse/window.cpp/[Shell Sort]CreateWindow
DATA>>5>>NULL
INFORMATION>>20,4,76,92,78,94,17,54,75,8,>>NULL
DATA>>5,2,1,>>NULL
SUCCESS>>Terminated window "Shell Sort">>appareo_files/curse/window.cpp/[Shell Sort]TerminateWindow
INFORMATION>>4,8,20,17,75,54,76,78,92,94,>>NULL
SUCCESS>>Creaded window "Results">>appareo_files/curse/window.cpp/[Results]CreateWindow
WARNING>>Failed to print string>>appareo_files/curse/output.cpp/Print
WARNING>>Failed to print string>>appareo_files/curse/output.cpp/Print
WARNING>>Failed to print string>>appareo_files/curse/output.cpp/Print
SUCCESS>>Terminated window "Results">>appareo_files/curse/window.cpp/[Results]TerminateWindow
SUCCESS>>Creaded window "Sorting Algorithms">>appareo_files/curse/window.cpp/[Sorting Algorithms]CreateWindow
SUCCESS>>Terminated window "Sorting Algorithms">>appareo_files/curse/window.cpp/[Sorting Algorithms]TerminateWindow
SUCCESS>>Terminated window "Genorating Values">>appareo_files/curse/window.cpp/[Genorating Values]TerminateWindow
SUCCESS>>Terminated Ncurses>>appareo_files/curse/curse_core.cpp/TerminateNCurses
SUCCESS>>Terminated log file>>pessum_files/logging.cpp/TerminateLogging
INFORMATION>>Sun Jan 22 14:15:47 2017>>TimeStamp
